0 info it worked if it ends with ok
1 verbose cli [ '/usr/bin/node', '/usr/bin/npm', 'run', 'install-script' ]
2 info using npm@3.5.2
3 info using node@v8.10.0
4 verbose run-script [ 'preinstall-script', 'install-script', 'postinstall-script' ]
5 info lifecycle tesla-web-app@1.0.0~preinstall-script: tesla-web-app@1.0.0
6 silly lifecycle tesla-web-app@1.0.0~preinstall-script: no script for preinstall-script, continuing
7 info lifecycle tesla-web-app@1.0.0~install-script: tesla-web-app@1.0.0
8 verbose lifecycle tesla-web-app@1.0.0~install-script: unsafe-perm in lifecycle true
9 verbose lifecycle tesla-web-app@1.0.0~install-script: PATH: /usr/share/npm/bin/node-gyp-bin:/home/brett/Documents/GitHub/Tesla_Capstone/node_modules/.bin:/bin:/sbin:/usr/local/bin:/usr/bin:/usr/local/apps/bin:/usr/bin/X11:/home/brett/Documents/android-studio/bin:/home/brett/bin:.:/snap/bin
10 verbose lifecycle tesla-web-app@1.0.0~install-script: CWD: /home/brett/Documents/GitHub/Tesla_Capstone
11 silly lifecycle tesla-web-app@1.0.0~install-script: Args: [ '-c',
11 silly lifecycle   'npm install && cd tesla-client && npm install && npm audit fix' ]
12 silly lifecycle tesla-web-app@1.0.0~install-script: Returned: code: 1  signal: null
13 info lifecycle tesla-web-app@1.0.0~install-script: Failed to exec install-script script
14 verbose stack Error: tesla-web-app@1.0.0 install-script: `npm install && cd tesla-client && npm install && npm audit fix`
14 verbose stack Exit status 1
14 verbose stack     at EventEmitter.<anonymous> (/usr/share/npm/lib/utils/lifecycle.js:232:16)
14 verbose stack     at emitTwo (events.js:126:13)
14 verbose stack     at EventEmitter.emit (events.js:214:7)
14 verbose stack     at ChildProcess.<anonymous> (/usr/share/npm/lib/utils/spawn.js:24:14)
14 verbose stack     at emitTwo (events.js:126:13)
14 verbose stack     at ChildProcess.emit (events.js:214:7)
14 verbose stack     at maybeClose (internal/child_process.js:925:16)
14 verbose stack     at Process.ChildProcess._handle.onexit (internal/child_process.js:209:5)
15 verbose pkgid tesla-web-app@1.0.0
16 verbose cwd /home/brett/Documents/GitHub/Tesla_Capstone
17 error Linux 4.15.0-47-generic
18 error argv "/usr/bin/node" "/usr/bin/npm" "run" "install-script"
19 error node v8.10.0
20 error npm  v3.5.2
21 error code ELIFECYCLE
22 error tesla-web-app@1.0.0 install-script: `npm install && cd tesla-client && npm install && npm audit fix`
22 error Exit status 1
23 error Failed at the tesla-web-app@1.0.0 install-script script 'npm install && cd tesla-client && npm install && npm audit fix'.
23 error Make sure you have the latest version of node.js and npm installed.
23 error If you do, this is most likely a problem with the tesla-web-app package,
23 error not with npm itself.
23 error Tell the author that this fails on your system:
23 error     npm install && cd tesla-client && npm install && npm audit fix
23 error You can get information on how to open an issue for this project with:
23 error     npm bugs tesla-web-app
23 error Or if that isn't available, you can get their info via:
23 error     npm owner ls tesla-web-app
23 error There is likely additional logging output above.
24 verbose exit [ 1, true ]
